{"/Volumes/ExternalSSD/Projects/personal-projects/flagship/ritual/src/services/calendarService.ts": {"path":"/Volumes/ExternalSSD/Projects/personal-projects/flagship/ritual/src/services/calendarService.ts","statementMap":{"0":{"start":{"line":7,"column":10},"end":{"line":7,"column":null}},"1":{"start":{"line":9,"column":25},"end":{"line":11,"column":null}},"2":{"start":{"line":10,"column":6},"end":{"line":10,"column":null}},"3":{"start":{"line":10,"column":23},"end":{"line":10,"column":79}},"4":{"start":{"line":13,"column":4},"end":{"line":17,"column":null}},"5":{"start":{"line":21,"column":10},"end":{"line":21,"column":null}},"6":{"start":{"line":22,"column":21},"end":{"line":22,"column":null}},"7":{"start":{"line":24,"column":4},"end":{"line":36,"column":null}},"8":{"start":{"line":40,"column":4},"end":{"line":43,"column":null}},"9":{"start":{"line":48,"column":4},"end":{"line":50,"column":null}},"10":{"start":{"line":49,"column":6},"end":{"line":49,"column":null}},"11":{"start":{"line":51,"column":4},"end":{"line":51,"column":null}},"12":{"start":{"line":55,"column":4},"end":{"line":57,"column":null}},"13":{"start":{"line":56,"column":6},"end":{"line":56,"column":null}},"14":{"start":{"line":58,"column":4},"end":{"line":58,"column":null}},"15":{"start":{"line":62,"column":4},"end":{"line":62,"column":null}},"16":{"start":{"line":66,"column":19},"end":{"line":69,"column":null}},"17":{"start":{"line":70,"column":4},"end":{"line":70,"column":null}},"18":{"start":{"line":74,"column":31},"end":{"line":74,"column":null}}},"fnMap":{"0":{"name":"(anonymous_0)","decl":{"start":{"line":6,"column":2},"end":{"line":6,"column":20}},"loc":{"start":{"line":6,"column":108},"end":{"line":18,"column":null}},"line":6},"1":{"name":"(anonymous_1)","decl":{"start":{"line":9,"column":35},"end":{"line":9,"column":null}},"loc":{"start":{"line":10,"column":6},"end":{"line":10,"column":null}},"line":10},"2":{"name":"(anonymous_2)","decl":{"start":{"line":10,"column":15},"end":{"line":10,"column":23}},"loc":{"start":{"line":10,"column":23},"end":{"line":10,"column":79}},"line":10},"3":{"name":"(anonymous_3)","decl":{"start":{"line":20,"column":10},"end":{"line":20,"column":28}},"loc":{"start":{"line":20,"column":120},"end":{"line":37,"column":null}},"line":20},"4":{"name":"(anonymous_4)","decl":{"start":{"line":39,"column":10},"end":{"line":39,"column":20}},"loc":{"start":{"line":39,"column":69},"end":{"line":45,"column":null}},"line":39},"5":{"name":"(anonymous_5)","decl":{"start":{"line":47,"column":2},"end":{"line":47,"column":15}},"loc":{"start":{"line":47,"column":77},"end":{"line":52,"column":null}},"line":47},"6":{"name":"(anonymous_6)","decl":{"start":{"line":54,"column":2},"end":{"line":54,"column":19}},"loc":{"start":{"line":54,"column":81},"end":{"line":59,"column":null}},"line":54},"7":{"name":"(anonymous_7)","decl":{"start":{"line":61,"column":2},"end":{"line":61,"column":15}},"loc":{"start":{"line":61,"column":35},"end":{"line":63,"column":null}},"line":61},"8":{"name":"(anonymous_8)","decl":{"start":{"line":65,"column":2},"end":{"line":65,"column":15}},"loc":{"start":{"line":65,"column":38},"end":{"line":71,"column":null}},"line":65}},"branchMap":{"0":{"loc":{"start":{"line":22,"column":21},"end":{"line":22,"column":null}},"type":"binary-expr","locations":[{"start":{"line":22,"column":21},"end":{"line":22,"column":42}},{"start":{"line":22,"column":42},"end":{"line":22,"column":null}}],"line":22},"1":{"loc":{"start":{"line":41,"column":6},"end":{"line":43,"column":null}},"type":"binary-expr","locations":[{"start":{"line":41,"column":6},"end":{"line":41,"column":null}},{"start":{"line":42,"column":6},"end":{"line":42,"column":null}},{"start":{"line":43,"column":6},"end":{"line":43,"column":null}}],"line":41},"2":{"loc":{"start":{"line":48,"column":4},"end":{"line":50,"column":null}},"type":"if","locations":[{"start":{"line":48,"column":4},"end":{"line":50,"column":null}},{"start":{},"end":{}}],"line":48},"3":{"loc":{"start":{"line":55,"column":4},"end":{"line":57,"column":null}},"type":"if","locations":[{"start":{"line":55,"column":4},"end":{"line":57,"column":null}},{"start":{},"end":{}}],"line":55}},"s":{"0":2,"1":2,"2":12,"3":84,"4":2,"5":84,"6":84,"7":84,"8":84,"9":2,"10":1,"11":1,"12":2,"13":1,"14":1,"15":2,"16":2,"17":2,"18":1},"f":{"0":2,"1":12,"2":84,"3":84,"4":84,"5":2,"6":2,"7":2,"8":2},"b":{"0":[84,83],"1":[84,4,2],"2":[1,1],"3":[1,1]},"meta":{"lastBranch":4,"lastFunction":9,"lastStatement":19,"seen":{"f:6:2:6:20":0,"s:7:10:7:Infinity":0,"s:9:25:11:Infinity":1,"f:9:35:9:Infinity":1,"s:10:6:10:Infinity":2,"f:10:15:10:23":2,"s:10:23:10:79":3,"s:13:4:17:Infinity":4,"f:20:10:20:28":3,"s:21:10:21:Infinity":5,"s:22:21:22:Infinity":6,"b:22:21:22:42:22:42:22:Infinity":0,"s:24:4:36:Infinity":7,"f:39:10:39:20":4,"s:40:4:43:Infinity":8,"b:41:6:41:Infinity:42:6:42:Infinity:43:6:43:Infinity":1,"f:47:2:47:15":5,"b:48:4:50:Infinity:undefined:undefined:undefined:undefined":2,"s:48:4:50:Infinity":9,"s:49:6:49:Infinity":10,"s:51:4:51:Infinity":11,"f:54:2:54:19":6,"b:55:4:57:Infinity:undefined:undefined:undefined:undefined":3,"s:55:4:57:Infinity":12,"s:56:6:56:Infinity":13,"s:58:4:58:Infinity":14,"f:61:2:61:15":7,"s:62:4:62:Infinity":15,"f:65:2:65:15":8,"s:66:19:69:Infinity":16,"s:70:4:70:Infinity":17,"s:74:31:74:Infinity":18}}}
,"/Volumes/ExternalSSD/Projects/personal-projects/flagship/ritual/src/services/storage.ts": {"path":"/Volumes/ExternalSSD/Projects/personal-projects/flagship/ritual/src/services/storage.ts","statementMap":{"0":{"start":{"line":1,"column":31},"end":{"line":1,"column":null}},"1":{"start":{"line":2,"column":24},"end":{"line":2,"column":null}},"2":{"start":{"line":3,"column":24},"end":{"line":3,"column":null}},"3":{"start":{"line":6,"column":23},"end":{"line":20,"column":null}},"4":{"start":{"line":7,"column":15},"end":{"line":7,"column":null}},"5":{"start":{"line":8,"column":19},"end":{"line":8,"column":null}},"6":{"start":{"line":10,"column":2},"end":{"line":17,"column":null}},"7":{"start":{"line":11,"column":4},"end":{"line":11,"column":null}},"8":{"start":{"line":12,"column":2},"end":{"line":17,"column":null}},"9":{"start":{"line":13,"column":4},"end":{"line":13,"column":null}},"10":{"start":{"line":14,"column":2},"end":{"line":17,"column":null}},"11":{"start":{"line":15,"column":20},"end":{"line":15,"column":null}},"12":{"start":{"line":16,"column":4},"end":{"line":16,"column":null}},"13":{"start":{"line":19,"column":2},"end":{"line":19,"column":null}},"14":{"start":{"line":22,"column":25},"end":{"line":33,"column":null}},"15":{"start":{"line":22,"column":47},"end":{"line":33,"column":null}},"16":{"start":{"line":39,"column":4},"end":{"line":39,"column":null}},"17":{"start":{"line":43,"column":4},"end":{"line":55,"column":null}},"18":{"start":{"line":44,"column":19},"end":{"line":44,"column":null}},"19":{"start":{"line":45,"column":21},"end":{"line":45,"column":null}},"20":{"start":{"line":48,"column":6},"end":{"line":48,"column":null}},"21":{"start":{"line":50,"column":6},"end":{"line":52,"column":null}},"22":{"start":{"line":51,"column":8},"end":{"line":51,"column":null}},"23":{"start":{"line":53,"column":6},"end":{"line":53,"column":null}},"24":{"start":{"line":54,"column":6},"end":{"line":54,"column":null}},"25":{"start":{"line":59,"column":4},"end":{"line":72,"column":null}},"26":{"start":{"line":60,"column":18},"end":{"line":60,"column":null}},"27":{"start":{"line":61,"column":6},"end":{"line":61,"column":null}},"28":{"start":{"line":64,"column":25},"end":{"line":64,"column":null}},"29":{"start":{"line":65,"column":6},"end":{"line":69,"column":null}},"30":{"start":{"line":71,"column":6},"end":{"line":71,"column":null}},"31":{"start":{"line":76,"column":4},"end":{"line":83,"column":null}},"32":{"start":{"line":77,"column":12},"end":{"line":77,"column":null}},"33":{"start":{"line":78,"column":25},"end":{"line":78,"column":null}},"34":{"start":{"line":79,"column":19},"end":{"line":79,"column":null}},"35":{"start":{"line":80,"column":6},"end":{"line":80,"column":null}},"36":{"start":{"line":82,"column":6},"end":{"line":82,"column":null}},"37":{"start":{"line":87,"column":4},"end":{"line":87,"column":null}},"38":{"start":{"line":91,"column":4},"end":{"line":97,"column":null}},"39":{"start":{"line":92,"column":6},"end":{"line":96,"column":null}},"40":{"start":{"line":93,"column":8},"end":{"line":95,"column":null}},"41":{"start":{"line":94,"column":10},"end":{"line":94,"column":null}},"42":{"start":{"line":99,"column":4},"end":{"line":108,"column":null}},"43":{"start":{"line":100,"column":6},"end":{"line":107,"column":null}},"44":{"start":{"line":101,"column":8},"end":{"line":106,"column":null}},"45":{"start":{"line":101,"column":71},"end":{"line":106,"column":10}},"46":{"start":{"line":110,"column":4},"end":{"line":110,"column":null}},"47":{"start":{"line":114,"column":4},"end":{"line":125,"column":null}},"48":{"start":{"line":124,"column":66},"end":{"line":124,"column":89}},"49":{"start":{"line":129,"column":4},"end":{"line":142,"column":null}},"50":{"start":{"line":132,"column":8},"end":{"line":132,"column":null}},"51":{"start":{"line":132,"column":49},"end":{"line":132,"column":73}},"52":{"start":{"line":133,"column":8},"end":{"line":133,"column":null}},"53":{"start":{"line":136,"column":8},"end":{"line":139,"column":null}},"54":{"start":{"line":136,"column":54},"end":{"line":139,"column":10}},"55":{"start":{"line":140,"column":8},"end":{"line":140,"column":null}},"56":{"start":{"line":146,"column":4},"end":{"line":157,"column":null}},"57":{"start":{"line":156,"column":66},"end":{"line":156,"column":91}},"58":{"start":{"line":161,"column":30},"end":{"line":161,"column":null}}},"fnMap":{"0":{"name":"(anonymous_0)","decl":{"start":{"line":6,"column":23},"end":{"line":6,"column":37}},"loc":{"start":{"line":6,"column":37},"end":{"line":20,"column":null}},"line":6},"1":{"name":"(anonymous_1)","decl":{"start":{"line":22,"column":25},"end":{"line":22,"column":47}},"loc":{"start":{"line":22,"column":47},"end":{"line":33,"column":null}},"line":22},"2":{"name":"(anonymous_2)","decl":{"start":{"line":38,"column":2},"end":{"line":38,"column":14}},"loc":{"start":{"line":38,"column":33},"end":{"line":40,"column":null}},"line":38},"3":{"name":"(anonymous_3)","decl":{"start":{"line":42,"column":8},"end":{"line":42,"column":39}},"loc":{"start":{"line":42,"column":39},"end":{"line":56,"column":null}},"line":42},"4":{"name":"(anonymous_4)","decl":{"start":{"line":58,"column":8},"end":{"line":58,"column":13}},"loc":{"start":{"line":58,"column":49},"end":{"line":73,"column":null}},"line":58},"5":{"name":"(anonymous_5)","decl":{"start":{"line":75,"column":8},"end":{"line":75,"column":32}},"loc":{"start":{"line":75,"column":32},"end":{"line":84,"column":null}},"line":75},"6":{"name":"(anonymous_6)","decl":{"start":{"line":86,"column":2},"end":{"line":86,"column":27}},"loc":{"start":{"line":86,"column":27},"end":{"line":88,"column":null}},"line":86},"7":{"name":"(anonymous_7)","decl":{"start":{"line":90,"column":10},"end":{"line":90,"column":23}},"loc":{"start":{"line":90,"column":49},"end":{"line":111,"column":null}},"line":90},"8":{"name":"(anonymous_8)","decl":{"start":{"line":92,"column":38},"end":{"line":92,"column":46}},"loc":{"start":{"line":92,"column":46},"end":{"line":96,"column":7}},"line":92},"9":{"name":"(anonymous_9)","decl":{"start":{"line":93,"column":48},"end":{"line":93,"column":49}},"loc":{"start":{"line":94,"column":10},"end":{"line":94,"column":null}},"line":94},"10":{"name":"(anonymous_10)","decl":{"start":{"line":100,"column":41},"end":{"line":100,"column":49}},"loc":{"start":{"line":100,"column":49},"end":{"line":107,"column":7}},"line":100},"11":{"name":"(anonymous_11)","decl":{"start":{"line":101,"column":54},"end":{"line":101,"column":55}},"loc":{"start":{"line":101,"column":71},"end":{"line":106,"column":10}},"line":101},"12":{"name":"(anonymous_12)","decl":{"start":{"line":113,"column":10},"end":{"line":113,"column":22}},"loc":{"start":{"line":113,"column":38},"end":{"line":126,"column":null}},"line":113},"13":{"name":"(anonymous_13)","decl":{"start":{"line":124,"column":50},"end":{"line":124,"column":51}},"loc":{"start":{"line":124,"column":66},"end":{"line":124,"column":89}},"line":124},"14":{"name":"(anonymous_14)","decl":{"start":{"line":128,"column":10},"end":{"line":128,"column":25}},"loc":{"start":{"line":128,"column":51},"end":{"line":143,"column":null}},"line":128},"15":{"name":"(anonymous_15)","decl":{"start":{"line":131,"column":44},"end":{"line":131,"column":45}},"loc":{"start":{"line":131,"column":59},"end":{"line":134,"column":9}},"line":131},"16":{"name":"(anonymous_16)","decl":{"start":{"line":132,"column":41},"end":{"line":132,"column":49}},"loc":{"start":{"line":132,"column":49},"end":{"line":132,"column":73}},"line":132},"17":{"name":"(anonymous_17)","decl":{"start":{"line":135,"column":50},"end":{"line":135,"column":51}},"loc":{"start":{"line":135,"column":65},"end":{"line":141,"column":9}},"line":135},"18":{"name":"(anonymous_18)","decl":{"start":{"line":136,"column":44},"end":{"line":136,"column":54}},"loc":{"start":{"line":136,"column":54},"end":{"line":139,"column":10}},"line":136},"19":{"name":"(anonymous_19)","decl":{"start":{"line":145,"column":10},"end":{"line":145,"column":24}},"loc":{"start":{"line":145,"column":40},"end":{"line":158,"column":null}},"line":145},"20":{"name":"(anonymous_20)","decl":{"start":{"line":156,"column":50},"end":{"line":156,"column":51}},"loc":{"start":{"line":156,"column":66},"end":{"line":156,"column":91}},"line":156}},"branchMap":{"0":{"loc":{"start":{"line":10,"column":2},"end":{"line":17,"column":null}},"type":"if","locations":[{"start":{"line":10,"column":2},"end":{"line":17,"column":null}},{"start":{"line":12,"column":2},"end":{"line":17,"column":null}}],"line":10},"1":{"loc":{"start":{"line":12,"column":2},"end":{"line":17,"column":null}},"type":"if","locations":[{"start":{"line":12,"column":2},"end":{"line":17,"column":null}},{"start":{"line":14,"column":2},"end":{"line":17,"column":null}}],"line":12},"2":{"loc":{"start":{"line":14,"column":2},"end":{"line":17,"column":null}},"type":"if","locations":[{"start":{"line":14,"column":2},"end":{"line":17,"column":null}},{"start":{},"end":{}}],"line":14},"3":{"loc":{"start":{"line":15,"column":20},"end":{"line":15,"column":null}},"type":"binary-expr","locations":[{"start":{"line":15,"column":20},"end":{"line":15,"column":43}},{"start":{"line":15,"column":43},"end":{"line":15,"column":null}}],"line":15},"4":{"loc":{"start":{"line":39,"column":20},"end":{"line":39,"column":null}},"type":"binary-expr","locations":[{"start":{"line":39,"column":20},"end":{"line":39,"column":32}},{"start":{"line":39,"column":32},"end":{"line":39,"column":null}}],"line":39},"5":{"loc":{"start":{"line":50,"column":6},"end":{"line":52,"column":null}},"type":"if","locations":[{"start":{"line":50,"column":6},"end":{"line":52,"column":null}},{"start":{},"end":{}}],"line":50},"6":{"loc":{"start":{"line":91,"column":4},"end":{"line":97,"column":null}},"type":"if","locations":[{"start":{"line":91,"column":4},"end":{"line":97,"column":null}},{"start":{},"end":{}}],"line":91},"7":{"loc":{"start":{"line":99,"column":4},"end":{"line":108,"column":null}},"type":"if","locations":[{"start":{"line":99,"column":4},"end":{"line":108,"column":null}},{"start":{},"end":{}}],"line":99},"8":{"loc":{"start":{"line":118,"column":17},"end":{"line":118,"column":null}},"type":"cond-expr","locations":[{"start":{"line":118,"column":34},"end":{"line":118,"column":61}},{"start":{"line":118,"column":61},"end":{"line":118,"column":null}}],"line":118},"9":{"loc":{"start":{"line":119,"column":15},"end":{"line":119,"column":null}},"type":"cond-expr","locations":[{"start":{"line":119,"column":30},"end":{"line":119,"column":55}},{"start":{"line":119,"column":55},"end":{"line":119,"column":null}}],"line":119},"10":{"loc":{"start":{"line":120,"column":18},"end":{"line":123,"column":null}},"type":"cond-expr","locations":[{"start":{"line":120,"column":36},"end":{"line":123,"column":10}},{"start":{"line":123,"column":10},"end":{"line":123,"column":null}}],"line":120},"11":{"loc":{"start":{"line":122,"column":17},"end":{"line":122,"column":null}},"type":"cond-expr","locations":[{"start":{"line":122,"column":43},"end":{"line":122,"column":79}},{"start":{"line":122,"column":79},"end":{"line":122,"column":null}}],"line":122},"12":{"loc":{"start":{"line":124,"column":16},"end":{"line":124,"column":null}},"type":"cond-expr","locations":[{"start":{"line":124,"column":32},"end":{"line":124,"column":93}},{"start":{"line":124,"column":93},"end":{"line":124,"column":null}}],"line":124},"13":{"loc":{"start":{"line":150,"column":17},"end":{"line":150,"column":null}},"type":"cond-expr","locations":[{"start":{"line":150,"column":34},"end":{"line":150,"column":65}},{"start":{"line":150,"column":65},"end":{"line":150,"column":null}}],"line":150},"14":{"loc":{"start":{"line":151,"column":15},"end":{"line":151,"column":null}},"type":"cond-expr","locations":[{"start":{"line":151,"column":30},"end":{"line":151,"column":59}},{"start":{"line":151,"column":59},"end":{"line":151,"column":null}}],"line":151},"15":{"loc":{"start":{"line":152,"column":18},"end":{"line":155,"column":null}},"type":"cond-expr","locations":[{"start":{"line":152,"column":36},"end":{"line":155,"column":10}},{"start":{"line":155,"column":10},"end":{"line":155,"column":null}}],"line":152},"16":{"loc":{"start":{"line":154,"column":17},"end":{"line":154,"column":null}},"type":"cond-expr","locations":[{"start":{"line":154,"column":43},"end":{"line":154,"column":83}},{"start":{"line":154,"column":83},"end":{"line":154,"column":null}}],"line":154},"17":{"loc":{"start":{"line":156,"column":16},"end":{"line":156,"column":null}},"type":"cond-expr","locations":[{"start":{"line":156,"column":32},"end":{"line":156,"column":95}},{"start":{"line":156,"column":95},"end":{"line":156,"column":null}}],"line":156}},"s":{"0":1,"1":1,"2":1,"3":1,"4":6,"5":6,"6":6,"7":3,"8":3,"9":1,"10":2,"11":1,"12":1,"13":1,"14":1,"15":2,"16":20,"17":4,"18":4,"19":3,"20":3,"21":2,"22":1,"23":1,"24":1,"25":4,"26":4,"27":4,"28":4,"29":4,"30":1,"31":2,"32":2,"33":2,"34":2,"35":1,"36":1,"37":7,"38":2,"39":2,"40":2,"41":2,"42":2,"43":2,"44":1,"45":1,"46":2,"47":3,"48":1,"49":4,"50":2,"51":2,"52":2,"53":1,"54":1,"55":1,"56":3,"57":1,"58":1},"f":{"0":6,"1":2,"2":20,"3":4,"4":4,"5":2,"6":7,"7":2,"8":2,"9":2,"10":1,"11":1,"12":3,"13":1,"14":4,"15":2,"16":2,"17":1,"18":1,"19":3,"20":1},"b":{"0":[3,3],"1":[1,2],"2":[1,1],"3":[1,0],"4":[20,6],"5":[1,1],"6":[2,0],"7":[2,0],"8":[0,3],"9":[0,3],"10":[0,3],"11":[0,0],"12":[3,0],"13":[0,3],"14":[0,3],"15":[0,3],"16":[0,0],"17":[3,0]},"meta":{"lastBranch":18,"lastFunction":21,"lastStatement":59,"seen":{"s:1:31:1:Infinity":0,"s:2:24:2:Infinity":1,"s:3:24:3:Infinity":2,"s:6:23:20:Infinity":3,"f:6:23:6:37":0,"s:7:15:7:Infinity":4,"s:8:19:8:Infinity":5,"b:10:2:17:Infinity:12:2:17:Infinity":0,"s:10:2:17:Infinity":6,"s:11:4:11:Infinity":7,"b:12:2:17:Infinity:14:2:17:Infinity":1,"s:12:2:17:Infinity":8,"s:13:4:13:Infinity":9,"b:14:2:17:Infinity:undefined:undefined:undefined:undefined":2,"s:14:2:17:Infinity":10,"s:15:20:15:Infinity":11,"b:15:20:15:43:15:43:15:Infinity":3,"s:16:4:16:Infinity":12,"s:19:2:19:Infinity":13,"s:22:25:33:Infinity":14,"f:22:25:22:47":1,"s:22:47:33:Infinity":15,"f:38:2:38:14":2,"s:39:4:39:Infinity":16,"b:39:20:39:32:39:32:39:Infinity":4,"f:42:8:42:39":3,"s:43:4:55:Infinity":17,"s:44:19:44:Infinity":18,"s:45:21:45:Infinity":19,"s:48:6:48:Infinity":20,"b:50:6:52:Infinity:undefined:undefined:undefined:undefined":5,"s:50:6:52:Infinity":21,"s:51:8:51:Infinity":22,"s:53:6:53:Infinity":23,"s:54:6:54:Infinity":24,"f:58:8:58:13":4,"s:59:4:72:Infinity":25,"s:60:18:60:Infinity":26,"s:61:6:61:Infinity":27,"s:64:25:64:Infinity":28,"s:65:6:69:Infinity":29,"s:71:6:71:Infinity":30,"f:75:8:75:32":5,"s:76:4:83:Infinity":31,"s:77:12:77:Infinity":32,"s:78:25:78:Infinity":33,"s:79:19:79:Infinity":34,"s:80:6:80:Infinity":35,"s:82:6:82:Infinity":36,"f:86:2:86:27":6,"s:87:4:87:Infinity":37,"f:90:10:90:23":7,"b:91:4:97:Infinity:undefined:undefined:undefined:undefined":6,"s:91:4:97:Infinity":38,"s:92:6:96:Infinity":39,"f:92:38:92:46":8,"s:93:8:95:Infinity":40,"f:93:48:93:49":9,"s:94:10:94:Infinity":41,"b:99:4:108:Infinity:undefined:undefined:undefined:undefined":7,"s:99:4:108:Infinity":42,"s:100:6:107:Infinity":43,"f:100:41:100:49":10,"s:101:8:106:Infinity":44,"f:101:54:101:55":11,"s:101:71:106:10":45,"s:110:4:110:Infinity":46,"f:113:10:113:22":12,"s:114:4:125:Infinity":47,"b:118:34:118:61:118:61:118:Infinity":8,"b:119:30:119:55:119:55:119:Infinity":9,"b:120:36:123:10:123:10:123:Infinity":10,"b:122:43:122:79:122:79:122:Infinity":11,"b:124:32:124:93:124:93:124:Infinity":12,"f:124:50:124:51":13,"s:124:66:124:89":48,"f:128:10:128:25":14,"s:129:4:142:Infinity":49,"f:131:44:131:45":15,"s:132:8:132:Infinity":50,"f:132:41:132:49":16,"s:132:49:132:73":51,"s:133:8:133:Infinity":52,"f:135:50:135:51":17,"s:136:8:139:Infinity":53,"f:136:44:136:54":18,"s:136:54:139:10":54,"s:140:8:140:Infinity":55,"f:145:10:145:24":19,"s:146:4:157:Infinity":56,"b:150:34:150:65:150:65:150:Infinity":13,"b:151:30:151:59:151:59:151:Infinity":14,"b:152:36:155:10:155:10:155:Infinity":15,"b:154:43:154:83:154:83:154:Infinity":16,"b:156:32:156:95:156:95:156:Infinity":17,"f:156:50:156:51":20,"s:156:66:156:91":57,"s:161:30:161:Infinity":58}}}
,"/Volumes/ExternalSSD/Projects/personal-projects/flagship/ritual/src/services/taskService.ts": {"path":"/Volumes/ExternalSSD/Projects/personal-projects/flagship/ritual/src/services/taskService.ts","statementMap":{"0":{"start":{"line":16,"column":10},"end":{"line":16,"column":null}},"1":{"start":{"line":17,"column":4},"end":{"line":19,"column":null}},"2":{"start":{"line":18,"column":6},"end":{"line":18,"column":null}},"3":{"start":{"line":21,"column":4},"end":{"line":21,"column":null}},"4":{"start":{"line":23,"column":16},"end":{"line":23,"column":null}},"5":{"start":{"line":24,"column":4},"end":{"line":32,"column":null}},"6":{"start":{"line":36,"column":4},"end":{"line":36,"column":null}},"7":{"start":{"line":38,"column":20},"end":{"line":40,"column":null}},"8":{"start":{"line":38,"column":44},"end":{"line":39,"column":null}},"9":{"start":{"line":42,"column":4},"end":{"line":44,"column":null}},"10":{"start":{"line":43,"column":6},"end":{"line":43,"column":null}},"11":{"start":{"line":46,"column":4},"end":{"line":51,"column":null}},"12":{"start":{"line":47,"column":12},"end":{"line":47,"column":null}},"13":{"start":{"line":48,"column":6},"end":{"line":50,"column":null}},"14":{"start":{"line":49,"column":8},"end":{"line":49,"column":null}},"15":{"start":{"line":53,"column":4},"end":{"line":62,"column":null}},"16":{"start":{"line":54,"column":12},"end":{"line":54,"column":null}},"17":{"start":{"line":55,"column":6},"end":{"line":61,"column":null}},"18":{"start":{"line":56,"column":24},"end":{"line":56,"column":null}},"19":{"start":{"line":57,"column":14},"end":{"line":57,"column":null}},"20":{"start":{"line":58,"column":8},"end":{"line":60,"column":null}},"21":{"start":{"line":59,"column":10},"end":{"line":59,"column":null}},"22":{"start":{"line":64,"column":4},"end":{"line":70,"column":null}},"23":{"start":{"line":74,"column":4},"end":{"line":74,"column":null}},"24":{"start":{"line":76,"column":20},"end":{"line":78,"column":null}},"25":{"start":{"line":76,"column":44},"end":{"line":77,"column":null}},"26":{"start":{"line":80,"column":4},"end":{"line":83,"column":null}},"27":{"start":{"line":81,"column":6},"end":{"line":81,"column":null}},"28":{"start":{"line":82,"column":6},"end":{"line":82,"column":null}},"29":{"start":{"line":85,"column":4},"end":{"line":88,"column":null}},"30":{"start":{"line":92,"column":23},"end":{"line":94,"column":null}},"31":{"start":{"line":94,"column":12},"end":{"line":94,"column":44}},"32":{"start":{"line":96,"column":4},"end":{"line":98,"column":null}},"33":{"start":{"line":97,"column":6},"end":{"line":97,"column":null}},"34":{"start":{"line":100,"column":23},"end":{"line":100,"column":null}},"35":{"start":{"line":102,"column":20},"end":{"line":104,"column":null}},"36":{"start":{"line":102,"column":44},"end":{"line":103,"column":null}},"37":{"start":{"line":106,"column":4},"end":{"line":108,"column":null}},"38":{"start":{"line":107,"column":6},"end":{"line":107,"column":null}},"39":{"start":{"line":110,"column":4},"end":{"line":116,"column":null}},"40":{"start":{"line":120,"column":4},"end":{"line":120,"column":null}},"41":{"start":{"line":122,"column":4},"end":{"line":127,"column":null}},"42":{"start":{"line":132,"column":4},"end":{"line":136,"column":null}},"43":{"start":{"line":140,"column":4},"end":{"line":140,"column":null}},"44":{"start":{"line":144,"column":4},"end":{"line":144,"column":null}},"45":{"start":{"line":148,"column":4},"end":{"line":148,"column":null}},"46":{"start":{"line":152,"column":4},"end":{"line":152,"column":null}},"47":{"start":{"line":154,"column":26},"end":{"line":156,"column":null}},"48":{"start":{"line":155,"column":6},"end":{"line":155,"column":null}},"49":{"start":{"line":155,"column":28},"end":{"line":155,"column":49}},"50":{"start":{"line":158,"column":4},"end":{"line":160,"column":null}},"51":{"start":{"line":159,"column":6},"end":{"line":159,"column":null}},"52":{"start":{"line":162,"column":4},"end":{"line":183,"column":null}},"53":{"start":{"line":165,"column":8},"end":{"line":180,"column":null}},"54":{"start":{"line":166,"column":29},"end":{"line":166,"column":null}},"55":{"start":{"line":167,"column":10},"end":{"line":167,"column":null}},"56":{"start":{"line":167,"column":27},"end":{"line":167,"column":null}},"57":{"start":{"line":169,"column":32},"end":{"line":169,"column":null}},"58":{"start":{"line":170,"column":10},"end":{"line":179,"column":null}},"59":{"start":{"line":171,"column":12},"end":{"line":178,"column":null}},"60":{"start":{"line":181,"column":8},"end":{"line":181,"column":null}},"61":{"start":{"line":187,"column":27},"end":{"line":187,"column":null}}},"fnMap":{"0":{"name":"(anonymous_0)","decl":{"start":{"line":15,"column":2},"end":{"line":15,"column":13}},"loc":{"start":{"line":15,"column":75},"end":{"line":33,"column":null}},"line":15},"1":{"name":"(anonymous_1)","decl":{"start":{"line":35,"column":2},"end":{"line":35,"column":13}},"loc":{"start":{"line":35,"column":80},"end":{"line":71,"column":null}},"line":35},"2":{"name":"(anonymous_2)","decl":{"start":{"line":38,"column":44},"end":{"line":38,"column":null}},"loc":{"start":{"line":38,"column":44},"end":{"line":39,"column":null}},"line":38},"3":{"name":"(anonymous_3)","decl":{"start":{"line":73,"column":2},"end":{"line":73,"column":13}},"loc":{"start":{"line":73,"column":56},"end":{"line":89,"column":null}},"line":73},"4":{"name":"(anonymous_4)","decl":{"start":{"line":76,"column":44},"end":{"line":76,"column":null}},"loc":{"start":{"line":76,"column":44},"end":{"line":77,"column":null}},"line":76},"5":{"name":"(anonymous_5)","decl":{"start":{"line":91,"column":2},"end":{"line":91,"column":13}},"loc":{"start":{"line":91,"column":73},"end":{"line":117,"column":null}},"line":91},"6":{"name":"(anonymous_6)","decl":{"start":{"line":94,"column":12},"end":{"line":94,"column":17}},"loc":{"start":{"line":94,"column":12},"end":{"line":94,"column":44}},"line":94},"7":{"name":"(anonymous_7)","decl":{"start":{"line":102,"column":44},"end":{"line":102,"column":null}},"loc":{"start":{"line":102,"column":44},"end":{"line":103,"column":null}},"line":102},"8":{"name":"(anonymous_8)","decl":{"start":{"line":119,"column":2},"end":{"line":119,"column":18}},"loc":{"start":{"line":119,"column":82},"end":{"line":128,"column":null}},"line":119},"9":{"name":"(anonymous_9)","decl":{"start":{"line":130,"column":2},"end":{"line":130,"column":12}},"loc":{"start":{"line":130,"column":73},"end":{"line":137,"column":null}},"line":130},"10":{"name":"(anonymous_10)","decl":{"start":{"line":139,"column":2},"end":{"line":139,"column":18}},"loc":{"start":{"line":139,"column":57},"end":{"line":141,"column":null}},"line":139},"11":{"name":"(anonymous_11)","decl":{"start":{"line":143,"column":2},"end":{"line":143,"column":14}},"loc":{"start":{"line":143,"column":39},"end":{"line":145,"column":null}},"line":143},"12":{"name":"(anonymous_12)","decl":{"start":{"line":147,"column":2},"end":{"line":147,"column":15}},"loc":{"start":{"line":147,"column":46},"end":{"line":149,"column":null}},"line":147},"13":{"name":"(anonymous_13)","decl":{"start":{"line":151,"column":2},"end":{"line":151,"column":27}},"loc":{"start":{"line":151,"column":93},"end":{"line":184,"column":null}},"line":151},"14":{"name":"(anonymous_14)","decl":{"start":{"line":154,"column":50},"end":{"line":154,"column":null}},"loc":{"start":{"line":155,"column":6},"end":{"line":155,"column":null}},"line":155},"15":{"name":"(anonymous_15)","decl":{"start":{"line":155,"column":23},"end":{"line":155,"column":28}},"loc":{"start":{"line":155,"column":28},"end":{"line":155,"column":49}},"line":155},"16":{"name":"(anonymous_16)","decl":{"start":{"line":164,"column":48},"end":{"line":164,"column":56}},"loc":{"start":{"line":164,"column":56},"end":{"line":182,"column":7}},"line":164}},"branchMap":{"0":{"loc":{"start":{"line":15,"column":42},"end":{"line":15,"column":75}},"type":"default-arg","locations":[{"start":{"line":15,"column":61},"end":{"line":15,"column":75}}],"line":15},"1":{"loc":{"start":{"line":17,"column":4},"end":{"line":19,"column":null}},"type":"if","locations":[{"start":{"line":17,"column":4},"end":{"line":19,"column":null}},{"start":{},"end":{}}],"line":17},"2":{"loc":{"start":{"line":42,"column":4},"end":{"line":44,"column":null}},"type":"if","locations":[{"start":{"line":42,"column":4},"end":{"line":44,"column":null}},{"start":{},"end":{}}],"line":42},"3":{"loc":{"start":{"line":46,"column":4},"end":{"line":51,"column":null}},"type":"if","locations":[{"start":{"line":46,"column":4},"end":{"line":51,"column":null}},{"start":{},"end":{}}],"line":46},"4":{"loc":{"start":{"line":48,"column":6},"end":{"line":50,"column":null}},"type":"if","locations":[{"start":{"line":48,"column":6},"end":{"line":50,"column":null}},{"start":{},"end":{}}],"line":48},"5":{"loc":{"start":{"line":53,"column":4},"end":{"line":62,"column":null}},"type":"if","locations":[{"start":{"line":53,"column":4},"end":{"line":62,"column":null}},{"start":{},"end":{}}],"line":53},"6":{"loc":{"start":{"line":53,"column":8},"end":{"line":53,"column":46}},"type":"binary-expr","locations":[{"start":{"line":53,"column":8},"end":{"line":53,"column":29}},{"start":{"line":53,"column":29},"end":{"line":53,"column":46}}],"line":53},"7":{"loc":{"start":{"line":55,"column":6},"end":{"line":61,"column":null}},"type":"if","locations":[{"start":{"line":55,"column":6},"end":{"line":61,"column":null}},{"start":{},"end":{}}],"line":55},"8":{"loc":{"start":{"line":58,"column":8},"end":{"line":60,"column":null}},"type":"if","locations":[{"start":{"line":58,"column":8},"end":{"line":60,"column":null}},{"start":{},"end":{}}],"line":58},"9":{"loc":{"start":{"line":80,"column":4},"end":{"line":83,"column":null}},"type":"if","locations":[{"start":{"line":80,"column":4},"end":{"line":83,"column":null}},{"start":{},"end":{}}],"line":80},"10":{"loc":{"start":{"line":96,"column":4},"end":{"line":98,"column":null}},"type":"if","locations":[{"start":{"line":96,"column":4},"end":{"line":98,"column":null}},{"start":{},"end":{}}],"line":96},"11":{"loc":{"start":{"line":106,"column":4},"end":{"line":108,"column":null}},"type":"if","locations":[{"start":{"line":106,"column":4},"end":{"line":108,"column":null}},{"start":{},"end":{}}],"line":106},"12":{"loc":{"start":{"line":124,"column":15},"end":{"line":126,"column":null}},"type":"cond-expr","locations":[{"start":{"line":125,"column":10},"end":{"line":125,"column":null}},{"start":{"line":126,"column":10},"end":{"line":126,"column":null}}],"line":124},"13":{"loc":{"start":{"line":133,"column":17},"end":{"line":133,"column":null}},"type":"binary-expr","locations":[{"start":{"line":133,"column":17},"end":{"line":133,"column":30}},{"start":{"line":133,"column":30},"end":{"line":133,"column":null}}],"line":133},"14":{"loc":{"start":{"line":140,"column":11},"end":{"line":140,"column":null}},"type":"binary-expr","locations":[{"start":{"line":140,"column":11},"end":{"line":140,"column":26}},{"start":{"line":140,"column":26},"end":{"line":140,"column":null}}],"line":140},"15":{"loc":{"start":{"line":158,"column":4},"end":{"line":160,"column":null}},"type":"if","locations":[{"start":{"line":158,"column":4},"end":{"line":160,"column":null}},{"start":{},"end":{}}],"line":158},"16":{"loc":{"start":{"line":165,"column":8},"end":{"line":180,"column":null}},"type":"if","locations":[{"start":{"line":165,"column":8},"end":{"line":180,"column":null}},{"start":{},"end":{}}],"line":165},"17":{"loc":{"start":{"line":167,"column":10},"end":{"line":167,"column":null}},"type":"if","locations":[{"start":{"line":167,"column":10},"end":{"line":167,"column":null}},{"start":{},"end":{}}],"line":167},"18":{"loc":{"start":{"line":169,"column":32},"end":{"line":169,"column":null}},"type":"binary-expr","locations":[{"start":{"line":169,"column":32},"end":{"line":169,"column":60}},{"start":{"line":169,"column":60},"end":{"line":169,"column":null}}],"line":169},"19":{"loc":{"start":{"line":170,"column":10},"end":{"line":179,"column":null}},"type":"if","locations":[{"start":{"line":170,"column":10},"end":{"line":179,"column":null}},{"start":{},"end":{}}],"line":170}},"s":{"0":4,"1":4,"2":2,"3":2,"4":2,"5":2,"6":11,"7":11,"8":11,"9":11,"10":1,"11":10,"12":2,"13":2,"14":1,"15":9,"16":7,"17":7,"18":7,"19":7,"20":7,"21":1,"22":8,"23":3,"24":3,"25":3,"26":3,"27":2,"28":2,"29":1,"30":2,"31":2,"32":2,"33":1,"34":1,"35":1,"36":1,"37":1,"38":0,"39":1,"40":6,"41":6,"42":1,"43":3,"44":1,"45":1,"46":4,"47":4,"48":4,"49":4,"50":4,"51":1,"52":3,"53":4,"54":3,"55":3,"56":1,"57":2,"58":3,"59":2,"60":1,"61":1},"f":{"0":4,"1":11,"2":11,"3":3,"4":3,"5":2,"6":2,"7":1,"8":6,"9":1,"10":3,"11":1,"12":1,"13":4,"14":4,"15":4,"16":4},"b":{"0":[4],"1":[2,2],"2":[1,10],"3":[2,8],"4":[1,1],"5":[7,2],"6":[9,7],"7":[7,0],"8":[1,6],"9":[2,1],"10":[1,1],"11":[0,1],"12":[5,1],"13":[1,1],"14":[3,1],"15":[1,3],"16":[3,1],"17":[1,2],"18":[2,0],"19":[2,1]},"meta":{"lastBranch":20,"lastFunction":17,"lastStatement":62,"seen":{"f:15:2:15:13":0,"b:15:61:15:75":0,"s:16:10:16:Infinity":0,"b:17:4:19:Infinity:undefined:undefined:undefined:undefined":1,"s:17:4:19:Infinity":1,"s:18:6:18:Infinity":2,"s:21:4:21:Infinity":3,"s:23:16:23:Infinity":4,"s:24:4:32:Infinity":5,"f:35:2:35:13":1,"s:36:4:36:Infinity":6,"s:38:20:40:Infinity":7,"f:38:44:38:Infinity":2,"s:38:44:39:Infinity":8,"b:42:4:44:Infinity:undefined:undefined:undefined:undefined":2,"s:42:4:44:Infinity":9,"s:43:6:43:Infinity":10,"b:46:4:51:Infinity:undefined:undefined:undefined:undefined":3,"s:46:4:51:Infinity":11,"s:47:12:47:Infinity":12,"b:48:6:50:Infinity:undefined:undefined:undefined:undefined":4,"s:48:6:50:Infinity":13,"s:49:8:49:Infinity":14,"b:53:4:62:Infinity:undefined:undefined:undefined:undefined":5,"s:53:4:62:Infinity":15,"b:53:8:53:29:53:29:53:46":6,"s:54:12:54:Infinity":16,"b:55:6:61:Infinity:undefined:undefined:undefined:undefined":7,"s:55:6:61:Infinity":17,"s:56:24:56:Infinity":18,"s:57:14:57:Infinity":19,"b:58:8:60:Infinity:undefined:undefined:undefined:undefined":8,"s:58:8:60:Infinity":20,"s:59:10:59:Infinity":21,"s:64:4:70:Infinity":22,"f:73:2:73:13":3,"s:74:4:74:Infinity":23,"s:76:20:78:Infinity":24,"f:76:44:76:Infinity":4,"s:76:44:77:Infinity":25,"b:80:4:83:Infinity:undefined:undefined:undefined:undefined":9,"s:80:4:83:Infinity":26,"s:81:6:81:Infinity":27,"s:82:6:82:Infinity":28,"s:85:4:88:Infinity":29,"f:91:2:91:13":5,"s:92:23:94:Infinity":30,"f:94:12:94:17":6,"s:94:12:94:44":31,"b:96:4:98:Infinity:undefined:undefined:undefined:undefined":10,"s:96:4:98:Infinity":32,"s:97:6:97:Infinity":33,"s:100:23:100:Infinity":34,"s:102:20:104:Infinity":35,"f:102:44:102:Infinity":7,"s:102:44:103:Infinity":36,"b:106:4:108:Infinity:undefined:undefined:undefined:undefined":11,"s:106:4:108:Infinity":37,"s:107:6:107:Infinity":38,"s:110:4:116:Infinity":39,"f:119:2:119:18":8,"s:120:4:120:Infinity":40,"s:122:4:127:Infinity":41,"b:125:10:125:Infinity:126:10:126:Infinity":12,"f:130:2:130:12":9,"s:132:4:136:Infinity":42,"b:133:17:133:30:133:30:133:Infinity":13,"f:139:2:139:18":10,"s:140:4:140:Infinity":43,"b:140:11:140:26:140:26:140:Infinity":14,"f:143:2:143:14":11,"s:144:4:144:Infinity":44,"f:147:2:147:15":12,"s:148:4:148:Infinity":45,"f:151:2:151:27":13,"s:152:4:152:Infinity":46,"s:154:26:156:Infinity":47,"f:154:50:154:Infinity":14,"s:155:6:155:Infinity":48,"f:155:23:155:28":15,"s:155:28:155:49":49,"b:158:4:160:Infinity:undefined:undefined:undefined:undefined":15,"s:158:4:160:Infinity":50,"s:159:6:159:Infinity":51,"s:162:4:183:Infinity":52,"f:164:48:164:56":16,"b:165:8:180:Infinity:undefined:undefined:undefined:undefined":16,"s:165:8:180:Infinity":53,"s:166:29:166:Infinity":54,"b:167:10:167:Infinity:undefined:undefined:undefined:undefined":17,"s:167:10:167:Infinity":55,"s:167:27:167:Infinity":56,"s:169:32:169:Infinity":57,"b:169:32:169:60:169:60:169:Infinity":18,"b:170:10:179:Infinity:undefined:undefined:undefined:undefined":19,"s:170:10:179:Infinity":58,"s:171:12:178:Infinity":59,"s:181:8:181:Infinity":60,"s:187:27:187:Infinity":61}}}
,"/Volumes/ExternalSSD/Projects/personal-projects/flagship/ritual/src/services/timelineService.ts": {"path":"/Volumes/ExternalSSD/Projects/personal-projects/flagship/ritual/src/services/timelineService.ts","statementMap":{"0":{"start":{"line":15,"column":4},"end":{"line":23,"column":null}},"1":{"start":{"line":27,"column":4},"end":{"line":27,"column":null}},"2":{"start":{"line":34,"column":10},"end":{"line":34,"column":null}},"3":{"start":{"line":36,"column":4},"end":{"line":39,"column":null}},"4":{"start":{"line":47,"column":56},"end":{"line":47,"column":null}},"5":{"start":{"line":49,"column":4},"end":{"line":54,"column":null}},"6":{"start":{"line":50,"column":23},"end":{"line":50,"column":null}},"7":{"start":{"line":50,"column":42},"end":{"line":50,"column":61}},"8":{"start":{"line":51,"column":6},"end":{"line":53,"column":null}},"9":{"start":{"line":52,"column":8},"end":{"line":52,"column":null}},"10":{"start":{"line":56,"column":4},"end":{"line":56,"column":null}},"11":{"start":{"line":65,"column":56},"end":{"line":65,"column":null}},"12":{"start":{"line":66,"column":18},"end":{"line":66,"column":null}},"13":{"start":{"line":69,"column":18},"end":{"line":69,"column":null}},"14":{"start":{"line":71,"column":4},"end":{"line":91,"column":null}},"15":{"start":{"line":72,"column":21},"end":{"line":72,"column":null}},"16":{"start":{"line":73,"column":6},"end":{"line":90,"column":null}},"17":{"start":{"line":75,"column":26},"end":{"line":77,"column":null}},"18":{"start":{"line":75,"column":48},"end":{"line":75,"column":57}},"19":{"start":{"line":76,"column":29},"end":{"line":76,"column":72}},"20":{"start":{"line":79,"column":8},"end":{"line":87,"column":null}},"21":{"start":{"line":80,"column":27},"end":{"line":80,"column":null}},"22":{"start":{"line":80,"column":51},"end":{"line":80,"column":66}},"23":{"start":{"line":81,"column":10},"end":{"line":83,"column":null}},"24":{"start":{"line":82,"column":12},"end":{"line":82,"column":null}},"25":{"start":{"line":84,"column":10},"end":{"line":84,"column":null}},"26":{"start":{"line":86,"column":10},"end":{"line":86,"column":null}},"27":{"start":{"line":89,"column":8},"end":{"line":89,"column":null}},"28":{"start":{"line":93,"column":4},"end":{"line":93,"column":null}},"29":{"start":{"line":97,"column":20},"end":{"line":101,"column":null}},"30":{"start":{"line":103,"column":22},"end":{"line":105,"column":null}},"31":{"start":{"line":107,"column":4},"end":{"line":107,"column":null}},"32":{"start":{"line":111,"column":31},"end":{"line":111,"column":null}}},"fnMap":{"0":{"name":"(anonymous_0)","decl":{"start":{"line":7,"column":2},"end":{"line":7,"column":null}},"loc":{"start":{"line":14,"column":19},"end":{"line":24,"column":null}},"line":14},"1":{"name":"(anonymous_1)","decl":{"start":{"line":26,"column":2},"end":{"line":26,"column":19}},"loc":{"start":{"line":26,"column":97},"end":{"line":28,"column":null}},"line":26},"2":{"name":"(anonymous_2)","decl":{"start":{"line":30,"column":2},"end":{"line":30,"column":null}},"loc":{"start":{"line":33,"column":41},"end":{"line":40,"column":null}},"line":33},"3":{"name":"(anonymous_3)","decl":{"start":{"line":43,"column":2},"end":{"line":43,"column":null}},"loc":{"start":{"line":46,"column":41},"end":{"line":57,"column":null}},"line":46},"4":{"name":"(anonymous_4)","decl":{"start":{"line":50,"column":37},"end":{"line":50,"column":42}},"loc":{"start":{"line":50,"column":42},"end":{"line":50,"column":61}},"line":50},"5":{"name":"(anonymous_5)","decl":{"start":{"line":60,"column":2},"end":{"line":60,"column":null}},"loc":{"start":{"line":64,"column":41},"end":{"line":94,"column":null}},"line":64},"6":{"name":"(anonymous_6)","decl":{"start":{"line":75,"column":37},"end":{"line":75,"column":38}},"loc":{"start":{"line":75,"column":48},"end":{"line":75,"column":57}},"line":75},"7":{"name":"(anonymous_7)","decl":{"start":{"line":76,"column":18},"end":{"line":76,"column":19}},"loc":{"start":{"line":76,"column":29},"end":{"line":76,"column":72}},"line":76},"8":{"name":"(anonymous_8)","decl":{"start":{"line":80,"column":41},"end":{"line":80,"column":42}},"loc":{"start":{"line":80,"column":51},"end":{"line":80,"column":66}},"line":80},"9":{"name":"(anonymous_9)","decl":{"start":{"line":96,"column":2},"end":{"line":96,"column":25}},"loc":{"start":{"line":96,"column":55},"end":{"line":108,"column":null}},"line":96}},"branchMap":{"0":{"loc":{"start":{"line":11,"column":4},"end":{"line":11,"column":null}},"type":"default-arg","locations":[{"start":{"line":11,"column":22},"end":{"line":11,"column":null}}],"line":11},"1":{"loc":{"start":{"line":27,"column":11},"end":{"line":27,"column":null}},"type":"binary-expr","locations":[{"start":{"line":27,"column":11},"end":{"line":27,"column":29}},{"start":{"line":27,"column":29},"end":{"line":27,"column":null}}],"line":27},"2":{"loc":{"start":{"line":38,"column":22},"end":{"line":38,"column":48}},"type":"binary-expr","locations":[{"start":{"line":38,"column":22},"end":{"line":38,"column":43}},{"start":{"line":38,"column":43},"end":{"line":38,"column":48}}],"line":38},"3":{"loc":{"start":{"line":51,"column":6},"end":{"line":53,"column":null}},"type":"if","locations":[{"start":{"line":51,"column":6},"end":{"line":53,"column":null}},{"start":{},"end":{}}],"line":51},"4":{"loc":{"start":{"line":73,"column":6},"end":{"line":90,"column":null}},"type":"if","locations":[{"start":{"line":73,"column":6},"end":{"line":90,"column":null}},{"start":{"line":88,"column":13},"end":{"line":90,"column":null}}],"line":73},"5":{"loc":{"start":{"line":76,"column":29},"end":{"line":76,"column":72}},"type":"binary-expr","locations":[{"start":{"line":76,"column":29},"end":{"line":76,"column":52}},{"start":{"line":76,"column":52},"end":{"line":76,"column":72}}],"line":76},"6":{"loc":{"start":{"line":79,"column":8},"end":{"line":87,"column":null}},"type":"if","locations":[{"start":{"line":79,"column":8},"end":{"line":87,"column":null}},{"start":{"line":85,"column":15},"end":{"line":87,"column":null}}],"line":79},"7":{"loc":{"start":{"line":81,"column":10},"end":{"line":83,"column":null}},"type":"if","locations":[{"start":{"line":81,"column":10},"end":{"line":83,"column":null}},{"start":{},"end":{}}],"line":81},"8":{"loc":{"start":{"line":103,"column":22},"end":{"line":105,"column":null}},"type":"cond-expr","locations":[{"start":{"line":104,"column":8},"end":{"line":104,"column":null}},{"start":{"line":105,"column":8},"end":{"line":105,"column":null}}],"line":103}},"s":{"0":2,"1":2,"2":2,"3":2,"4":2,"5":2,"6":3,"7":4,"8":3,"9":2,"10":2,"11":2,"12":2,"13":2,"14":2,"15":4,"16":4,"17":3,"18":4,"19":4,"20":3,"21":2,"22":3,"23":2,"24":1,"25":2,"26":1,"27":1,"28":2,"29":2,"30":2,"31":2,"32":1},"f":{"0":2,"1":2,"2":2,"3":2,"4":4,"5":2,"6":4,"7":4,"8":3,"9":2},"b":{"0":[2],"1":[2,1],"2":[2,1],"3":[2,1],"4":[3,1],"5":[4,4],"6":[2,1],"7":[1,1],"8":[1,1]},"meta":{"lastBranch":9,"lastFunction":10,"lastStatement":33,"seen":{"f:7:2:7:Infinity":0,"b:11:22:11:Infinity":0,"s:15:4:23:Infinity":0,"f:26:2:26:19":1,"s:27:4:27:Infinity":1,"b:27:11:27:29:27:29:27:Infinity":1,"f:30:2:30:Infinity":2,"s:34:10:34:Infinity":2,"s:36:4:39:Infinity":3,"b:38:22:38:43:38:43:38:48":2,"f:43:2:43:Infinity":3,"s:47:56:47:Infinity":4,"s:49:4:54:Infinity":5,"s:50:23:50:Infinity":6,"f:50:37:50:42":4,"s:50:42:50:61":7,"b:51:6:53:Infinity:undefined:undefined:undefined:undefined":3,"s:51:6:53:Infinity":8,"s:52:8:52:Infinity":9,"s:56:4:56:Infinity":10,"f:60:2:60:Infinity":5,"s:65:56:65:Infinity":11,"s:66:18:66:Infinity":12,"s:69:18:69:Infinity":13,"s:71:4:91:Infinity":14,"s:72:21:72:Infinity":15,"b:73:6:90:Infinity:88:13:90:Infinity":4,"s:73:6:90:Infinity":16,"s:75:26:77:Infinity":17,"f:75:37:75:38":6,"s:75:48:75:57":18,"f:76:18:76:19":7,"s:76:29:76:72":19,"b:76:29:76:52:76:52:76:72":5,"b:79:8:87:Infinity:85:15:87:Infinity":6,"s:79:8:87:Infinity":20,"s:80:27:80:Infinity":21,"f:80:41:80:42":8,"s:80:51:80:66":22,"b:81:10:83:Infinity:undefined:undefined:undefined:undefined":7,"s:81:10:83:Infinity":23,"s:82:12:82:Infinity":24,"s:84:10:84:Infinity":25,"s:86:10:86:Infinity":26,"s:89:8:89:Infinity":27,"s:93:4:93:Infinity":28,"f:96:2:96:25":9,"s:97:20:101:Infinity":29,"s:103:22:105:Infinity":30,"b:104:8:104:Infinity:105:8:105:Infinity":8,"s:107:4:107:Infinity":31,"s:111:31:111:Infinity":32}}}
,"/Volumes/ExternalSSD/Projects/personal-projects/flagship/ritual/src/types/timeline.ts": {"path":"/Volumes/ExternalSSD/Projects/personal-projects/flagship/ritual/src/types/timeline.ts","statementMap":{"0":{"start":{"line":3,"column":7},"end":{"line":3,"column":null}},"1":{"start":{"line":4,"column":2},"end":{"line":4,"column":null}},"2":{"start":{"line":5,"column":2},"end":{"line":5,"column":null}},"3":{"start":{"line":6,"column":2},"end":{"line":6,"column":null}},"4":{"start":{"line":7,"column":2},"end":{"line":7,"column":null}},"5":{"start":{"line":8,"column":2},"end":{"line":8,"column":null}},"6":{"start":{"line":9,"column":2},"end":{"line":9,"column":null}},"7":{"start":{"line":3,"column":12},"end":{"line":3,"column":null}}},"fnMap":{"0":{"name":"(anonymous_0)","decl":{"start":{"line":3,"column":7},"end":{"line":3,"column":12}},"loc":{"start":{"line":3,"column":7},"end":{"line":3,"column":null}},"line":3}},"branchMap":{"0":{"loc":{"start":{"line":3,"column":12},"end":{"line":3,"column":null}},"type":"binary-expr","locations":[{"start":{"line":3,"column":12},"end":{"line":3,"column":null}},{"start":{"line":3,"column":12},"end":{"line":3,"column":null}}],"line":3}},"s":{"0":1,"1":1,"2":1,"3":1,"4":1,"5":1,"6":1,"7":1},"f":{"0":1},"b":{"0":[1,1]},"meta":{"lastBranch":1,"lastFunction":1,"lastStatement":8,"seen":{"s:3:7:3:Infinity":0,"f:3:7:3:12":0,"s:4:2:4:Infinity":1,"s:5:2:5:Infinity":2,"s:6:2:6:Infinity":3,"s:7:2:7:Infinity":4,"s:8:2:8:Infinity":5,"s:9:2:9:Infinity":6,"s:3:12:3:Infinity":7,"b:3:12:3:Infinity:3:12:3:Infinity":0}}}
,"/Volumes/ExternalSSD/Projects/personal-projects/flagship/ritual/src/utils/date.ts": {"path":"/Volumes/ExternalSSD/Projects/personal-projects/flagship/ritual/src/utils/date.ts","statementMap":{"0":{"start":{"line":3,"column":26},"end":{"line":5,"column":null}},"1":{"start":{"line":4,"column":2},"end":{"line":4,"column":null}},"2":{"start":{"line":7,"column":26},"end":{"line":9,"column":null}},"3":{"start":{"line":8,"column":2},"end":{"line":8,"column":null}},"4":{"start":{"line":11,"column":29},"end":{"line":13,"column":null}},"5":{"start":{"line":12,"column":2},"end":{"line":12,"column":null}},"6":{"start":{"line":15,"column":31},"end":{"line":18,"column":null}},"7":{"start":{"line":16,"column":29},"end":{"line":16,"column":null}},"8":{"start":{"line":17,"column":2},"end":{"line":17,"column":null}},"9":{"start":{"line":20,"column":37},"end":{"line":34,"column":null}},"10":{"start":{"line":21,"column":8},"end":{"line":21,"column":null}},"11":{"start":{"line":22,"column":8},"end":{"line":22,"column":null}},"12":{"start":{"line":23,"column":8},"end":{"line":23,"column":null}},"13":{"start":{"line":24,"column":8},"end":{"line":24,"column":null}},"14":{"start":{"line":26,"column":8},"end":{"line":26,"column":null}},"15":{"start":{"line":27,"column":26},"end":{"line":27,"column":null}},"16":{"start":{"line":29,"column":2},"end":{"line":31,"column":null}},"17":{"start":{"line":29,"column":15},"end":{"line":29,"column":18}},"18":{"start":{"line":30,"column":4},"end":{"line":30,"column":null}},"19":{"start":{"line":33,"column":2},"end":{"line":33,"column":null}},"20":{"start":{"line":36,"column":23},"end":{"line":43,"column":null}},"21":{"start":{"line":37,"column":16},"end":{"line":37,"column":null}},"22":{"start":{"line":38,"column":2},"end":{"line":41,"column":null}},"23":{"start":{"line":45,"column":25},"end":{"line":51,"column":null}},"24":{"start":{"line":46,"column":2},"end":{"line":49,"column":null}}},"fnMap":{"0":{"name":"(anonymous_0)","decl":{"start":{"line":3,"column":26},"end":{"line":3,"column":27}},"loc":{"start":{"line":3,"column":85},"end":{"line":5,"column":null}},"line":3},"1":{"name":"(anonymous_1)","decl":{"start":{"line":7,"column":26},"end":{"line":7,"column":27}},"loc":{"start":{"line":7,"column":77},"end":{"line":9,"column":null}},"line":7},"2":{"name":"(anonymous_2)","decl":{"start":{"line":11,"column":29},"end":{"line":11,"column":30}},"loc":{"start":{"line":11,"column":53},"end":{"line":13,"column":null}},"line":11},"3":{"name":"(anonymous_3)","decl":{"start":{"line":15,"column":31},"end":{"line":15,"column":32}},"loc":{"start":{"line":15,"column":58},"end":{"line":18,"column":null}},"line":15},"4":{"name":"(anonymous_4)","decl":{"start":{"line":20,"column":37},"end":{"line":20,"column":38}},"loc":{"start":{"line":20,"column":80},"end":{"line":34,"column":null}},"line":20},"5":{"name":"(anonymous_5)","decl":{"start":{"line":36,"column":23},"end":{"line":36,"column":24}},"loc":{"start":{"line":36,"column":48},"end":{"line":43,"column":null}},"line":36},"6":{"name":"(anonymous_6)","decl":{"start":{"line":45,"column":25},"end":{"line":45,"column":26}},"loc":{"start":{"line":45,"column":64},"end":{"line":51,"column":null}},"line":45}},"branchMap":{"0":{"loc":{"start":{"line":3,"column":39},"end":{"line":3,"column":85}},"type":"default-arg","locations":[{"start":{"line":3,"column":59},"end":{"line":3,"column":85}}],"line":3},"1":{"loc":{"start":{"line":7,"column":39},"end":{"line":7,"column":77}},"type":"default-arg","locations":[{"start":{"line":7,"column":60},"end":{"line":7,"column":77}}],"line":7},"2":{"loc":{"start":{"line":8,"column":22},"end":{"line":8,"column":52}},"type":"cond-expr","locations":[{"start":{"line":8,"column":34},"end":{"line":8,"column":45}},{"start":{"line":8,"column":45},"end":{"line":8,"column":52}}],"line":8},"3":{"loc":{"start":{"line":39,"column":4},"end":{"line":41,"column":null}},"type":"binary-expr","locations":[{"start":{"line":39,"column":4},"end":{"line":39,"column":null}},{"start":{"line":40,"column":4},"end":{"line":40,"column":null}},{"start":{"line":41,"column":4},"end":{"line":41,"column":null}}],"line":39},"4":{"loc":{"start":{"line":47,"column":4},"end":{"line":49,"column":null}},"type":"binary-expr","locations":[{"start":{"line":47,"column":4},"end":{"line":47,"column":null}},{"start":{"line":48,"column":4},"end":{"line":48,"column":null}},{"start":{"line":49,"column":4},"end":{"line":49,"column":null}}],"line":47}},"s":{"0":3,"1":5,"2":3,"3":8,"4":3,"5":89,"6":3,"7":5,"8":5,"9":3,"10":7,"11":7,"12":7,"13":7,"14":7,"15":7,"16":7,"17":7,"18":37,"19":7,"20":3,"21":88,"22":88,"23":3,"24":4},"f":{"0":5,"1":8,"2":89,"3":5,"4":7,"5":88,"6":4},"b":{"0":[5],"1":[8],"2":[4,4],"3":[88,6,3],"4":[4,3,2]},"meta":{"lastBranch":5,"lastFunction":7,"lastStatement":25,"seen":{"s:3:26:5:Infinity":0,"f:3:26:3:27":0,"b:3:59:3:85":0,"s:4:2:4:Infinity":1,"s:7:26:9:Infinity":2,"f:7:26:7:27":1,"b:7:60:7:77":1,"s:8:2:8:Infinity":3,"b:8:34:8:45:8:45:8:52":2,"s:11:29:13:Infinity":4,"f:11:29:11:30":2,"s:12:2:12:Infinity":5,"s:15:31:18:Infinity":6,"f:15:31:15:32":3,"s:16:29:16:Infinity":7,"s:17:2:17:Infinity":8,"s:20:37:34:Infinity":9,"f:20:37:20:38":4,"s:21:8:21:Infinity":10,"s:22:8:22:Infinity":11,"s:23:8:23:Infinity":12,"s:24:8:24:Infinity":13,"s:26:8:26:Infinity":14,"s:27:26:27:Infinity":15,"s:29:2:31:Infinity":16,"s:29:15:29:18":17,"s:30:4:30:Infinity":18,"s:33:2:33:Infinity":19,"s:36:23:43:Infinity":20,"f:36:23:36:24":5,"s:37:16:37:Infinity":21,"s:38:2:41:Infinity":22,"b:39:4:39:Infinity:40:4:40:Infinity:41:4:41:Infinity":3,"s:45:25:51:Infinity":23,"f:45:25:45:26":6,"s:46:2:49:Infinity":24,"b:47:4:47:Infinity:48:4:48:Infinity:49:4:49:Infinity":4}}}
,"/Volumes/ExternalSSD/Projects/personal-projects/flagship/ritual/src/utils/logger.ts": {"path":"/Volumes/ExternalSSD/Projects/personal-projects/flagship/ritual/src/utils/logger.ts","statementMap":{"0":{"start":{"line":6,"column":2},"end":{"line":6,"column":null}},"1":{"start":{"line":9,"column":4},"end":{"line":9,"column":null}},"2":{"start":{"line":10,"column":4},"end":{"line":10,"column":null}},"3":{"start":{"line":15,"column":4},"end":{"line":17,"column":null}},"4":{"start":{"line":16,"column":6},"end":{"line":16,"column":null}},"5":{"start":{"line":20,"column":4},"end":{"line":20,"column":null}},"6":{"start":{"line":21,"column":4},"end":{"line":21,"column":null}},"7":{"start":{"line":25,"column":4},"end":{"line":25,"column":null}},"8":{"start":{"line":25,"column":22},"end":{"line":25,"column":null}},"9":{"start":{"line":27,"column":10},"end":{"line":27,"column":null}},"10":{"start":{"line":28,"column":23},"end":{"line":30,"column":null}},"11":{"start":{"line":32,"column":4},"end":{"line":32,"column":null}},"12":{"start":{"line":36,"column":4},"end":{"line":36,"column":null}},"13":{"start":{"line":38,"column":4},"end":{"line":41,"column":null}},"14":{"start":{"line":39,"column":6},"end":{"line":39,"column":null}},"15":{"start":{"line":40,"column":6},"end":{"line":40,"column":null}},"16":{"start":{"line":44,"column":4},"end":{"line":46,"column":null}},"17":{"start":{"line":45,"column":6},"end":{"line":45,"column":null}},"18":{"start":{"line":51,"column":22},"end":{"line":51,"column":null}},"19":{"start":{"line":54,"column":0},"end":{"line":56,"column":null}},"20":{"start":{"line":55,"column":2},"end":{"line":55,"column":null}},"21":{"start":{"line":58,"column":0},"end":{"line":61,"column":null}},"22":{"start":{"line":59,"column":2},"end":{"line":59,"column":null}},"23":{"start":{"line":60,"column":2},"end":{"line":60,"column":null}},"24":{"start":{"line":63,"column":0},"end":{"line":66,"column":null}},"25":{"start":{"line":64,"column":2},"end":{"line":64,"column":null}},"26":{"start":{"line":65,"column":2},"end":{"line":65,"column":null}}},"fnMap":{"0":{"name":"(anonymous_0)","decl":{"start":{"line":8,"column":2},"end":{"line":8,"column":16}},"loc":{"start":{"line":8,"column":16},"end":{"line":11,"column":null}},"line":8},"1":{"name":"(anonymous_1)","decl":{"start":{"line":13,"column":10},"end":{"line":13,"column":26}},"loc":{"start":{"line":13,"column":26},"end":{"line":22,"column":null}},"line":13},"2":{"name":"(anonymous_2)","decl":{"start":{"line":24,"column":2},"end":{"line":24,"column":6}},"loc":{"start":{"line":24,"column":35},"end":{"line":33,"column":null}},"line":24},"3":{"name":"(anonymous_3)","decl":{"start":{"line":35,"column":2},"end":{"line":35,"column":12}},"loc":{"start":{"line":35,"column":12},"end":{"line":47,"column":null}},"line":35},"4":{"name":"(anonymous_4)","decl":{"start":{"line":54,"column":19},"end":{"line":54,"column":25}},"loc":{"start":{"line":54,"column":25},"end":{"line":56,"column":1}},"line":54},"5":{"name":"(anonymous_5)","decl":{"start":{"line":58,"column":21},"end":{"line":58,"column":27}},"loc":{"start":{"line":58,"column":27},"end":{"line":61,"column":1}},"line":58},"6":{"name":"(anonymous_6)","decl":{"start":{"line":63,"column":22},"end":{"line":63,"column":28}},"loc":{"start":{"line":63,"column":28},"end":{"line":66,"column":1}},"line":63}},"branchMap":{"0":{"loc":{"start":{"line":15,"column":4},"end":{"line":17,"column":null}},"type":"if","locations":[{"start":{"line":15,"column":4},"end":{"line":17,"column":null}},{"start":{},"end":{}}],"line":15},"1":{"loc":{"start":{"line":25,"column":4},"end":{"line":25,"column":null}},"type":"if","locations":[{"start":{"line":25,"column":4},"end":{"line":25,"column":null}},{"start":{},"end":{}}],"line":25},"2":{"loc":{"start":{"line":28,"column":23},"end":{"line":30,"column":null}},"type":"cond-expr","locations":[{"start":{"line":29,"column":8},"end":{"line":29,"column":null}},{"start":{"line":30,"column":8},"end":{"line":30,"column":null}}],"line":28},"3":{"loc":{"start":{"line":38,"column":4},"end":{"line":41,"column":null}},"type":"if","locations":[{"start":{"line":38,"column":4},"end":{"line":41,"column":null}},{"start":{},"end":{}}],"line":38},"4":{"loc":{"start":{"line":44,"column":4},"end":{"line":46,"column":null}},"type":"if","locations":[{"start":{"line":44,"column":4},"end":{"line":46,"column":null}},{"start":{},"end":{}}],"line":44}},"s":{"0":2,"1":2,"2":2,"3":11,"4":1,"5":11,"6":11,"7":48,"8":3,"9":45,"10":45,"11":48,"12":3,"13":3,"14":2,"15":2,"16":3,"17":2,"18":2,"19":2,"20":0,"21":2,"22":0,"23":0,"24":2,"25":0,"26":0},"f":{"0":2,"1":11,"2":48,"3":3,"4":0,"5":0,"6":0},"b":{"0":[1,10],"1":[3,45],"2":[32,13],"3":[2,1],"4":[2,1]},"meta":{"lastBranch":5,"lastFunction":7,"lastStatement":27,"seen":{"f:8:2:8:16":0,"s:6:2:6:Infinity":0,"s:9:4:9:Infinity":1,"s:10:4:10:Infinity":2,"f:13:10:13:26":1,"b:15:4:17:Infinity:undefined:undefined:undefined:undefined":0,"s:15:4:17:Infinity":3,"s:16:6:16:Infinity":4,"s:20:4:20:Infinity":5,"s:21:4:21:Infinity":6,"f:24:2:24:6":2,"b:25:4:25:Infinity:undefined:undefined:undefined:undefined":1,"s:25:4:25:Infinity":7,"s:25:22:25:Infinity":8,"s:27:10:27:Infinity":9,"s:28:23:30:Infinity":10,"b:29:8:29:Infinity:30:8:30:Infinity":2,"s:32:4:32:Infinity":11,"f:35:2:35:12":3,"s:36:4:36:Infinity":12,"b:38:4:41:Infinity:undefined:undefined:undefined:undefined":3,"s:38:4:41:Infinity":13,"s:39:6:39:Infinity":14,"s:40:6:40:Infinity":15,"b:44:4:46:Infinity:undefined:undefined:undefined:undefined":4,"s:44:4:46:Infinity":16,"s:45:6:45:Infinity":17,"s:51:22:51:Infinity":18,"s:54:0:56:Infinity":19,"f:54:19:54:25":4,"s:55:2:55:Infinity":20,"s:58:0:61:Infinity":21,"f:58:21:58:27":5,"s:59:2:59:Infinity":22,"s:60:2:60:Infinity":23,"s:63:0:66:Infinity":24,"f:63:22:63:28":6,"s:64:2:64:Infinity":25,"s:65:2:65:Infinity":26}}}
,"/Volumes/ExternalSSD/Projects/personal-projects/flagship/ritual/src/utils/tree.ts": {"path":"/Volumes/ExternalSSD/Projects/personal-projects/flagship/ritual/src/utils/tree.ts","statementMap":{"0":{"start":{"line":4,"column":28},"end":{"line":11,"column":null}},"1":{"start":{"line":5,"column":2},"end":{"line":9,"column":null}},"2":{"start":{"line":6,"column":4},"end":{"line":6,"column":null}},"3":{"start":{"line":6,"column":24},"end":{"line":6,"column":null}},"4":{"start":{"line":7,"column":18},"end":{"line":7,"column":null}},"5":{"start":{"line":8,"column":4},"end":{"line":8,"column":null}},"6":{"start":{"line":8,"column":15},"end":{"line":8,"column":null}},"7":{"start":{"line":10,"column":2},"end":{"line":10,"column":null}},"8":{"start":{"line":13,"column":32},"end":{"line":43,"column":null}},"9":{"start":{"line":14,"column":2},"end":{"line":19,"column":null}},"10":{"start":{"line":18,"column":30},"end":{"line":18,"column":93}},"11":{"start":{"line":21,"column":17},"end":{"line":35,"column":null}},"12":{"start":{"line":22,"column":4},"end":{"line":30,"column":null}},"13":{"start":{"line":23,"column":6},"end":{"line":28,"column":null}},"14":{"start":{"line":29,"column":6},"end":{"line":29,"column":null}},"15":{"start":{"line":31,"column":4},"end":{"line":34,"column":null}},"16":{"start":{"line":37,"column":2},"end":{"line":40,"column":null}},"17":{"start":{"line":42,"column":2},"end":{"line":42,"column":null}},"18":{"start":{"line":45,"column":34},"end":{"line":52,"column":null}},"19":{"start":{"line":46,"column":2},"end":{"line":51,"column":null}},"20":{"start":{"line":47,"column":20},"end":{"line":47,"column":34}},"21":{"start":{"line":48,"column":18},"end":{"line":51,"column":6}},"22":{"start":{"line":54,"column":32},"end":{"line":71,"column":null}},"23":{"start":{"line":59,"column":2},"end":{"line":70,"column":null}},"24":{"start":{"line":60,"column":4},"end":{"line":65,"column":null}},"25":{"start":{"line":61,"column":6},"end":{"line":64,"column":null}},"26":{"start":{"line":66,"column":4},"end":{"line":69,"column":null}},"27":{"start":{"line":73,"column":28},"end":{"line":85,"column":null}},"28":{"start":{"line":74,"column":25},"end":{"line":74,"column":null}},"29":{"start":{"line":76,"column":19},"end":{"line":81,"column":null}},"30":{"start":{"line":77,"column":4},"end":{"line":80,"column":null}},"31":{"start":{"line":78,"column":6},"end":{"line":78,"column":null}},"32":{"start":{"line":79,"column":6},"end":{"line":79,"column":null}},"33":{"start":{"line":83,"column":2},"end":{"line":83,"column":null}},"34":{"start":{"line":84,"column":2},"end":{"line":84,"column":null}},"35":{"start":{"line":87,"column":28},"end":{"line":97,"column":null}},"36":{"start":{"line":88,"column":15},"end":{"line":88,"column":null}},"37":{"start":{"line":89,"column":16},"end":{"line":89,"column":null}},"38":{"start":{"line":90,"column":20},"end":{"line":90,"column":null}},"39":{"start":{"line":90,"column":37},"end":{"line":90,"column":60}},"40":{"start":{"line":92,"column":2},"end":{"line":96,"column":null}}},"fnMap":{"0":{"name":"(anonymous_0)","decl":{"start":{"line":4,"column":28},"end":{"line":4,"column":29}},"loc":{"start":{"line":4,"column":72},"end":{"line":11,"column":null}},"line":4},"1":{"name":"(anonymous_1)","decl":{"start":{"line":13,"column":32},"end":{"line":13,"column":33}},"loc":{"start":{"line":13,"column":95},"end":{"line":43,"column":null}},"line":13},"2":{"name":"(anonymous_2)","decl":{"start":{"line":18,"column":24},"end":{"line":18,"column":30}},"loc":{"start":{"line":18,"column":30},"end":{"line":18,"column":93}},"line":18},"3":{"name":"(anonymous_3)","decl":{"start":{"line":21,"column":27},"end":{"line":21,"column":35}},"loc":{"start":{"line":21,"column":35},"end":{"line":35,"column":3}},"line":21},"4":{"name":"(anonymous_4)","decl":{"start":{"line":45,"column":34},"end":{"line":45,"column":35}},"loc":{"start":{"line":45,"column":73},"end":{"line":52,"column":null}},"line":45},"5":{"name":"(anonymous_5)","decl":{"start":{"line":47,"column":12},"end":{"line":47,"column":20}},"loc":{"start":{"line":47,"column":20},"end":{"line":47,"column":34}},"line":47},"6":{"name":"(anonymous_6)","decl":{"start":{"line":48,"column":9},"end":{"line":48,"column":18}},"loc":{"start":{"line":48,"column":18},"end":{"line":51,"column":6}},"line":48},"7":{"name":"(anonymous_7)","decl":{"start":{"line":54,"column":32},"end":{"line":54,"column":null}},"loc":{"start":{"line":58,"column":13},"end":{"line":71,"column":null}},"line":58},"8":{"name":"(anonymous_8)","decl":{"start":{"line":59,"column":19},"end":{"line":59,"column":27}},"loc":{"start":{"line":59,"column":27},"end":{"line":70,"column":3}},"line":59},"9":{"name":"(anonymous_9)","decl":{"start":{"line":73,"column":28},"end":{"line":73,"column":29}},"loc":{"start":{"line":73,"column":55},"end":{"line":85,"column":null}},"line":73},"10":{"name":"(anonymous_10)","decl":{"start":{"line":76,"column":19},"end":{"line":76,"column":20}},"loc":{"start":{"line":76,"column":41},"end":{"line":81,"column":null}},"line":76},"11":{"name":"(anonymous_11)","decl":{"start":{"line":87,"column":28},"end":{"line":87,"column":29}},"loc":{"start":{"line":87,"column":105},"end":{"line":97,"column":null}},"line":87},"12":{"name":"(anonymous_12)","decl":{"start":{"line":90,"column":32},"end":{"line":90,"column":37}},"loc":{"start":{"line":90,"column":37},"end":{"line":90,"column":60}},"line":90}},"branchMap":{"0":{"loc":{"start":{"line":6,"column":4},"end":{"line":6,"column":null}},"type":"if","locations":[{"start":{"line":6,"column":4},"end":{"line":6,"column":null}},{"start":{},"end":{}}],"line":6},"1":{"loc":{"start":{"line":8,"column":4},"end":{"line":8,"column":null}},"type":"if","locations":[{"start":{"line":8,"column":4},"end":{"line":8,"column":null}},{"start":{},"end":{}}],"line":8},"2":{"loc":{"start":{"line":22,"column":4},"end":{"line":30,"column":null}},"type":"if","locations":[{"start":{"line":22,"column":4},"end":{"line":30,"column":null}},{"start":{},"end":{}}],"line":22},"3":{"loc":{"start":{"line":60,"column":4},"end":{"line":65,"column":null}},"type":"if","locations":[{"start":{"line":60,"column":4},"end":{"line":65,"column":null}},{"start":{},"end":{}}],"line":60},"4":{"loc":{"start":{"line":95,"column":16},"end":{"line":95,"column":null}},"type":"cond-expr","locations":[{"start":{"line":95,"column":30},"end":{"line":95,"column":34}},{"start":{"line":95,"column":34},"end":{"line":95,"column":null}}],"line":95}},"s":{"0":2,"1":68,"2":59,"3":34,"4":25,"5":25,"6":8,"7":26,"8":2,"9":21,"10":21,"11":21,"12":21,"13":13,"14":13,"15":8,"16":21,"17":21,"18":2,"19":16,"20":14,"21":10,"22":2,"23":11,"24":11,"25":5,"26":6,"27":2,"28":14,"29":14,"30":48,"31":34,"32":34,"33":14,"34":14,"35":2,"36":9,"37":9,"38":9,"39":20,"40":9},"f":{"0":68,"1":21,"2":21,"3":21,"4":16,"5":14,"6":10,"7":11,"8":11,"9":14,"10":48,"11":9,"12":20},"b":{"0":[34,25],"1":[8,17],"2":[13,8],"3":[5,6],"4":[1,8]},"meta":{"lastBranch":5,"lastFunction":13,"lastStatement":41,"seen":{"s:4:28:11:Infinity":0,"f:4:28:4:29":0,"s:5:2:9:Infinity":1,"b:6:4:6:Infinity:undefined:undefined:undefined:undefined":0,"s:6:4:6:Infinity":2,"s:6:24:6:Infinity":3,"s:7:18:7:Infinity":4,"b:8:4:8:Infinity:undefined:undefined:undefined:undefined":1,"s:8:4:8:Infinity":5,"s:8:15:8:Infinity":6,"s:10:2:10:Infinity":7,"s:13:32:43:Infinity":8,"f:13:32:13:33":1,"s:14:2:19:Infinity":9,"f:18:24:18:30":2,"s:18:30:18:93":10,"s:21:17:35:Infinity":11,"f:21:27:21:35":3,"b:22:4:30:Infinity:undefined:undefined:undefined:undefined":2,"s:22:4:30:Infinity":12,"s:23:6:28:Infinity":13,"s:29:6:29:Infinity":14,"s:31:4:34:Infinity":15,"s:37:2:40:Infinity":16,"s:42:2:42:Infinity":17,"s:45:34:52:Infinity":18,"f:45:34:45:35":4,"s:46:2:51:Infinity":19,"f:47:12:47:20":5,"s:47:20:47:34":20,"f:48:9:48:18":6,"s:48:18:51:6":21,"s:54:32:71:Infinity":22,"f:54:32:54:Infinity":7,"s:59:2:70:Infinity":23,"f:59:19:59:27":8,"b:60:4:65:Infinity:undefined:undefined:undefined:undefined":3,"s:60:4:65:Infinity":24,"s:61:6:64:Infinity":25,"s:66:4:69:Infinity":26,"s:73:28:85:Infinity":27,"f:73:28:73:29":9,"s:74:25:74:Infinity":28,"s:76:19:81:Infinity":29,"f:76:19:76:20":10,"s:77:4:80:Infinity":30,"s:78:6:78:Infinity":31,"s:79:6:79:Infinity":32,"s:83:2:83:Infinity":33,"s:84:2:84:Infinity":34,"s:87:28:97:Infinity":35,"f:87:28:87:29":11,"s:88:15:88:Infinity":36,"s:89:16:89:Infinity":37,"s:90:20:90:Infinity":38,"f:90:32:90:37":12,"s:90:37:90:60":39,"s:92:2:96:Infinity":40,"b:95:30:95:34:95:34:95:Infinity":4}}}
,"/Volumes/ExternalSSD/Projects/personal-projects/flagship/ritual/src/utils/validation.ts": {"path":"/Volumes/ExternalSSD/Projects/personal-projects/flagship/ritual/src/utils/validation.ts","statementMap":{"0":{"start":{"line":8,"column":33},"end":{"line":29,"column":null}},"1":{"start":{"line":9,"column":2},"end":{"line":16,"column":null}},"2":{"start":{"line":10,"column":4},"end":{"line":15,"column":null}},"3":{"start":{"line":11,"column":6},"end":{"line":14,"column":null}},"4":{"start":{"line":18,"column":2},"end":{"line":26,"column":null}},"5":{"start":{"line":20,"column":4},"end":{"line":25,"column":null}},"6":{"start":{"line":21,"column":6},"end":{"line":24,"column":null}},"7":{"start":{"line":28,"column":2},"end":{"line":28,"column":null}},"8":{"start":{"line":31,"column":33},"end":{"line":47,"column":null}},"9":{"start":{"line":32,"column":2},"end":{"line":37,"column":null}},"10":{"start":{"line":33,"column":4},"end":{"line":36,"column":null}},"11":{"start":{"line":39,"column":2},"end":{"line":44,"column":null}},"12":{"start":{"line":40,"column":4},"end":{"line":43,"column":null}},"13":{"start":{"line":46,"column":2},"end":{"line":46,"column":null}}},"fnMap":{"0":{"name":"(anonymous_0)","decl":{"start":{"line":8,"column":33},"end":{"line":8,"column":34}},"loc":{"start":{"line":8,"column":67},"end":{"line":29,"column":null}},"line":8},"1":{"name":"(anonymous_1)","decl":{"start":{"line":31,"column":33},"end":{"line":31,"column":34}},"loc":{"start":{"line":31,"column":70},"end":{"line":47,"column":null}},"line":31}},"branchMap":{"0":{"loc":{"start":{"line":9,"column":2},"end":{"line":16,"column":null}},"type":"if","locations":[{"start":{"line":9,"column":2},"end":{"line":16,"column":null}},{"start":{},"end":{}}],"line":9},"1":{"loc":{"start":{"line":9,"column":6},"end":{"line":9,"column":38}},"type":"binary-expr","locations":[{"start":{"line":9,"column":6},"end":{"line":9,"column":24}},{"start":{"line":9,"column":24},"end":{"line":9,"column":38}}],"line":9},"2":{"loc":{"start":{"line":10,"column":4},"end":{"line":15,"column":null}},"type":"if","locations":[{"start":{"line":10,"column":4},"end":{"line":15,"column":null}},{"start":{},"end":{}}],"line":10},"3":{"loc":{"start":{"line":18,"column":2},"end":{"line":26,"column":null}},"type":"if","locations":[{"start":{"line":18,"column":2},"end":{"line":26,"column":null}},{"start":{},"end":{}}],"line":18},"4":{"loc":{"start":{"line":18,"column":6},"end":{"line":18,"column":39}},"type":"binary-expr","locations":[{"start":{"line":18,"column":6},"end":{"line":18,"column":24}},{"start":{"line":18,"column":24},"end":{"line":18,"column":39}}],"line":18},"5":{"loc":{"start":{"line":20,"column":4},"end":{"line":25,"column":null}},"type":"if","locations":[{"start":{"line":20,"column":4},"end":{"line":25,"column":null}},{"start":{},"end":{}}],"line":20},"6":{"loc":{"start":{"line":32,"column":2},"end":{"line":37,"column":null}},"type":"if","locations":[{"start":{"line":32,"column":2},"end":{"line":37,"column":null}},{"start":{},"end":{}}],"line":32},"7":{"loc":{"start":{"line":32,"column":6},"end":{"line":32,"column":43}},"type":"binary-expr","locations":[{"start":{"line":32,"column":6},"end":{"line":32,"column":16}},{"start":{"line":32,"column":16},"end":{"line":32,"column":43}}],"line":32},"8":{"loc":{"start":{"line":39,"column":2},"end":{"line":44,"column":null}},"type":"if","locations":[{"start":{"line":39,"column":2},"end":{"line":44,"column":null}},{"start":{},"end":{}}],"line":39}},"s":{"0":2,"1":16,"2":6,"3":3,"4":13,"5":4,"6":1,"7":12,"8":2,"9":13,"10":6,"11":7,"12":1,"13":6},"f":{"0":16,"1":13},"b":{"0":[6,10],"1":[16,10],"2":[3,3],"3":[4,9],"4":[13,7],"5":[1,3],"6":[6,7],"7":[13,10],"8":[1,6]},"meta":{"lastBranch":9,"lastFunction":2,"lastStatement":14,"seen":{"s:8:33:29:Infinity":0,"f:8:33:8:34":0,"b:9:2:16:Infinity:undefined:undefined:undefined:undefined":0,"s:9:2:16:Infinity":1,"b:9:6:9:24:9:24:9:38":1,"b:10:4:15:Infinity:undefined:undefined:undefined:undefined":2,"s:10:4:15:Infinity":2,"s:11:6:14:Infinity":3,"b:18:2:26:Infinity:undefined:undefined:undefined:undefined":3,"s:18:2:26:Infinity":4,"b:18:6:18:24:18:24:18:39":4,"b:20:4:25:Infinity:undefined:undefined:undefined:undefined":5,"s:20:4:25:Infinity":5,"s:21:6:24:Infinity":6,"s:28:2:28:Infinity":7,"s:31:33:47:Infinity":8,"f:31:33:31:34":1,"b:32:2:37:Infinity:undefined:undefined:undefined:undefined":6,"s:32:2:37:Infinity":9,"b:32:6:32:16:32:16:32:43":7,"s:33:4:36:Infinity":10,"b:39:2:44:Infinity:undefined:undefined:undefined:undefined":8,"s:39:2:44:Infinity":11,"s:40:4:43:Infinity":12,"s:46:2:46:Infinity":13}}}
}
